quantSigm	quantTanh	6	5	5	50	10	64	16	5	0.554093358467573	16.76	0.9822334	0.9778361704558437	0.9994470046082949	0.9426081730769231	/scratch/dr2915/austere/buildsys_demo/winlen_256_stride_128/12_8/modelstats_O=2_H=16_k=5_gN=quantSigm_uN=quantTanh_ep=50_it=10_rnd=5_bs=64.csv
quantSigm	quantTanh	6	5	5	50	10	64	16	6	0.8819654689820633	4.664	0.9784205	0.6674283102936136	0.999815668202765	0.12560096153846154	/scratch/dr2915/austere/buildsys_demo/winlen_256_stride_128/12_8/modelstats_O=2_H=16_k=6_gN=quantSigm_uN=quantTanh_ep=50_it=10_rnd=5_bs=64.csv
quantSigm	quantTanh	6	5	5	50	10	64	16	7	0.5622524658212422	4.664	0.97799593	0.9306523477664801	0.999815668202765	0.8179086538461539	/scratch/dr2915/austere/buildsys_demo/winlen_256_stride_128/12_8/modelstats_O=2_H=16_k=7_gN=quantSigm_uN=quantTanh_ep=50_it=10_rnd=5_bs=64.csv
quantSigm	quantTanh	6	5	5	50	10	64	32	5	0.42365593701207205	8.696	0.98106104	0.9794356220724323	0.9994470046082949	0.9468149038461539	/scratch/dr2915/austere/buildsys_demo/winlen_256_stride_128/12_8/modelstats_O=2_H=32_k=5_gN=quantSigm_uN=quantTanh_ep=50_it=10_rnd=5_bs=64.csv
quantSigm	quantTanh	6	5	5	50	10	64	32	6	0.3890666057351765	8.696	0.9824615	0.9740660345024563	0.999815668202765	0.9320913461538461	/scratch/dr2915/austere/buildsys_demo/winlen_256_stride_128/12_8/modelstats_O=2_H=32_k=6_gN=quantSigm_uN=quantTanh_ep=50_it=10_rnd=5_bs=64.csv
quantSigm	quantTanh	6	5	5	50	10	64	32	7	0.47777071670665294	8.696	0.9823058	0.9603564492174111	0.999815668202765	0.8960336538461539	/scratch/dr2915/austere/buildsys_demo/winlen_256_stride_128/12_8/modelstats_O=2_H=32_k=7_gN=quantSigm_uN=quantTanh_ep=50_it=10_rnd=5_bs=64.csv
quantSigm	quantTanh	6	5	5	50	10	64	64	5	0.4433694162001599	16.76	0.9827905	0.9796641151605164	0.99926267281106	0.9477163461538461	/scratch/dr2915/austere/buildsys_demo/winlen_256_stride_128/12_8/modelstats_O=2_H=64_k=5_gN=quantSigm_uN=quantTanh_ep=50_it=10_rnd=5_bs=64.csv
quantSigm	quantTanh	6	5	5	50	10	64	64	6	0.47321989603564496	16.76	0.9832666	0.9702958985490688	0.9996313364055299	0.9224759615384616	/scratch/dr2915/austere/buildsys_demo/winlen_256_stride_128/12_8/modelstats_O=2_H=64_k=6_gN=quantSigm_uN=quantTanh_ep=50_it=10_rnd=5_bs=64.csv
quantSigm	quantTanh	6	5	5	50	10	64	64	7	0.5459723332952511	16.76	0.98276204	0.9622986404661259	0.9994470046082949	0.9017427884615384	/scratch/dr2915/austere/buildsys_demo/winlen_256_stride_128/12_8/modelstats_O=2_H=64_k=7_gN=quantSigm_uN=quantTanh_ep=50_it=10_rnd=5_bs=64.csv
quantSigm	quantTanh	6	5	5	50	10	128	16	5	0.5066143988727674	4.664	0.97544175	0.9741802810464983	0.9987096774193548	0.9341947115384616	/scratch/dr2915/austere/buildsys_demo/winlen_256_stride_128/12_8/modelstats_O=2_H=16_k=5_gN=quantSigm_uN=quantTanh_ep=50_it=10_rnd=5_bs=128.csv
quantSigm	quantTanh	6	5	5	50	10	128	16	6	0.5028168913515366	4.664	0.9753993	0.9637838455386725	0.9988940092165899	0.9065504807692307	/scratch/dr2915/austere/buildsys_demo/winlen_256_stride_128/12_8/modelstats_O=2_H=16_k=6_gN=quantSigm_uN=quantTanh_ep=50_it=10_rnd=5_bs=128.csv
quantSigm	quantTanh	6	5	5	50	10	128	16	7	0.4938711489394112	4.664	0.9781829	0.89317948132069	0.999815668202765	0.7193509615384616	/scratch/dr2915/austere/buildsys_demo/winlen_256_stride_128/12_8/modelstats_O=2_H=16_k=7_gN=quantSigm_uN=quantTanh_ep=50_it=10_rnd=5_bs=128.csv
quantSigm	quantTanh	6	5	5	50	10	128	32	5	0.4505895597699836	8.696	0.9823753	0.9782931566320119	0.9996313364055299	0.9435096153846154	/scratch/dr2915/austere/buildsys_demo/winlen_256_stride_128/12_8/modelstats_O=2_H=32_k=5_gN=quantSigm_uN=quantTanh_ep=50_it=10_rnd=5_bs=128.csv
quantSigm	quantTanh	6	5	5	50	10	128	32	6	0.463004350889219	8.696	0.981181	0.9432194676111048	1.0	0.8506610576923077	/scratch/dr2915/austere/buildsys_demo/winlen_256_stride_128/12_8/modelstats_O=2_H=32_k=6_gN=quantSigm_uN=quantTanh_ep=50_it=10_rnd=5_bs=128.csv
quantSigm	quantTanh	6	5	5	50	10	128	32	7	0.48477188773372937	8.696	0.9821859	0.9441334399634411	0.999815668202765	0.8533653846153846	/scratch/dr2915/austere/buildsys_demo/winlen_256_stride_128/12_8/modelstats_O=2_H=32_k=7_gN=quantSigm_uN=quantTanh_ep=50_it=10_rnd=5_bs=128.csv
quantSigm	quantTanh	6	5	5	50	10	128	64	5	0.5970738603907232	16.76	0.98244065	0.9296241288701017	0.999815668202765	0.8152043269230769	/scratch/dr2915/austere/buildsys_demo/winlen_256_stride_128/12_8/modelstats_O=2_H=64_k=5_gN=quantSigm_uN=quantTanh_ep=50_it=10_rnd=5_bs=128.csv
quantSigm	quantTanh	6	5	5	50	10	128	64	6	0.7035480692334057	16.76	0.9831743	0.8423397692219811	1.0	0.5853365384615384	/scratch/dr2915/austere/buildsys_demo/winlen_256_stride_128/12_8/modelstats_O=2_H=64_k=6_gN=quantSigm_uN=quantTanh_ep=50_it=10_rnd=5_bs=128.csv
quantSigm	quantTanh	6	5	5	50	10	128	64	7	0.4959335370730036	16.76	0.9819768	0.9477893293727865	0.999815668202765	0.8629807692307693	/scratch/dr2915/austere/buildsys_demo/winlen_256_stride_128/12_8/modelstats_O=2_H=64_k=7_gN=quantSigm_uN=quantTanh_ep=50_it=10_rnd=5_bs=128.csv
quantSigm	quantSigm	6	5	5	50	10	128	32	5	0.5557856354011959	4.664	0.981718	0.9432194676111048	0.99926267281106	0.8518629807692307	/scratch/dr2915/austere/buildsys_demo/winlen_256_stride_128/12_8/modelstats_O=2_H=32_k=5_gN=quantSigm_uN=quantSigm_ep=50_it=10_rnd=5_bs=128.csv
quantSigm	quantSigm	6	5	5	50	10	128	32	6	0.4308272877870445	8.696	0.98229915	0.9714383639894894	0.9996313364055299	0.9254807692307693	/scratch/dr2915/austere/buildsys_demo/winlen_256_stride_128/12_8/modelstats_O=2_H=32_k=6_gN=quantSigm_uN=quantSigm_ep=50_it=10_rnd=5_bs=128.csv
quantSigm	quantSigm	6	5	5	50	10	128	32	7	0.3159381069347652	8.696	0.9815686	0.9645835713469667	0.999815668202765	0.9071514423076923	/scratch/dr2915/austere/buildsys_demo/winlen_256_stride_128/12_8/modelstats_O=2_H=32_k=7_gN=quantSigm_uN=quantSigm_ep=50_it=10_rnd=5_bs=128.csv
quantSigm	quantSigm	6	5	5	50	10	128	64	5	0.4546500723561445	16.76	0.98296756	0.975893979207129	0.9994470046082949	0.9375	/scratch/dr2915/austere/buildsys_demo/winlen_256_stride_128/12_8/modelstats_O=2_H=64_k=5_gN=quantSigm_uN=quantSigm_ep=50_it=10_rnd=5_bs=128.csv
quantSigm	quantSigm	6	5	5	50	10	128	64	6	0.4635720134049278	16.76	0.982211	0.9660687764195133	0.999815668202765	0.9110576923076923	/scratch/dr2915/austere/buildsys_demo/winlen_256_stride_128/12_8/modelstats_O=2_H=64_k=6_gN=quantSigm_uN=quantSigm_ep=50_it=10_rnd=5_bs=128.csv
quantSigm	quantSigm	6	5	5	50	10	128	64	7	0.5510396435507826	16.76	0.98193115	0.9626413800982521	0.9994470046082949	0.9026442307692307	/scratch/dr2915/austere/buildsys_demo/winlen_256_stride_128/12_8/modelstats_O=2_H=64_k=7_gN=quantSigm_uN=quantSigm_ep=50_it=10_rnd=5_bs=128.csv
quantTanh	quantTanh	6	5	5	50	10	64	16	5	0.5654311378955786	4.664	0.9781024	0.9353364560722038	0.99926267281106	0.8311298076923077	/scratch/dr2915/austere/buildsys_demo/winlen_256_stride_128/12_8/modelstats_O=2_H=16_k=5_gN=quantTanh_uN=quantTanh_ep=50_it=10_rnd=5_bs=64.csv
quantTanh	quantTanh	6	5	5	50	10	64	16	6	0.7683187192962413	4.664	0.97573364	0.7624814349365931	0.999815668202765	0.37560096153846156	/scratch/dr2915/austere/buildsys_demo/winlen_256_stride_128/12_8/modelstats_O=2_H=16_k=6_gN=quantTanh_uN=quantTanh_ep=50_it=10_rnd=5_bs=64.csv
quantTanh	quantTanh	6	5	5	50	10	64	16	7	0.5505493354659354	4.664	0.9771858	0.8912372900719753	0.9996313364055299	0.7145432692307693	/scratch/dr2915/austere/buildsys_demo/winlen_256_stride_128/12_8/modelstats_O=2_H=16_k=7_gN=quantTanh_uN=quantTanh_ep=50_it=10_rnd=5_bs=64.csv
quantTanh	quantTanh	6	5	5	50	10	64	32	5	0.46783602764766363	8.696	0.9825482	0.9765794584713813	0.9994470046082949	0.9393028846153846	/scratch/dr2915/austere/buildsys_demo/winlen_256_stride_128/12_8/modelstats_O=2_H=32_k=5_gN=quantTanh_uN=quantTanh_ep=50_it=10_rnd=5_bs=64.csv
quantTanh	quantTanh	6	5	5	50	10	64	32	6	0.47530489546441224	8.696	0.9820492	0.9693819261967326	0.9994470046082949	0.9203725961538461	/scratch/dr2915/austere/buildsys_demo/winlen_256_stride_128/12_8/modelstats_O=2_H=32_k=6_gN=quantTanh_uN=quantTanh_ep=50_it=10_rnd=5_bs=64.csv
quantTanh	quantTanh	6	5	5	50	10	64	32	7	0.3702004550820671	8.696	0.98157984	0.9586427510567805	0.999815668202765	0.8915264423076923	/scratch/dr2915/austere/buildsys_demo/winlen_256_stride_128/12_8/modelstats_O=2_H=32_k=7_gN=quantTanh_uN=quantTanh_ep=50_it=10_rnd=5_bs=64.csv
quantTanh	quantTanh	6	5	5	50	10	64	64	5	0.43576607068052853	16.76	0.98223454	0.9800068547926425	0.9994470046082949	0.9483173076923077	/scratch/dr2915/austere/buildsys_demo/winlen_256_stride_128/12_8/modelstats_O=2_H=64_k=5_gN=quantTanh_uN=quantTanh_ep=50_it=10_rnd=5_bs=64.csv
quantTanh	quantTanh	6	5	5	50	10	64	64	6	0.43326692752960894	16.76	0.9833224	0.9734948017822461	0.9994470046082949	0.9311899038461539	/scratch/dr2915/austere/buildsys_demo/winlen_256_stride_128/12_8/modelstats_O=2_H=64_k=6_gN=quantTanh_uN=quantTanh_ep=50_it=10_rnd=5_bs=64.csv
quantTanh	quantTanh	6	5	5	50	10	64	64	7	0.4549940020564378	16.76	0.9838312	0.9629841197303781	0.9996313364055299	0.9032451923076923	/scratch/dr2915/austere/buildsys_demo/winlen_256_stride_128/12_8/modelstats_O=2_H=64_k=7_gN=quantTanh_uN=quantTanh_ep=50_it=10_rnd=5_bs=64.csv
quantTanh	quantTanh	6	5	5	50	10	128	16	5	0.5597164305571423	4.664	0.9761284	0.9394493316577174	0.99926267281106	0.8419471153846154	/scratch/dr2915/austere/buildsys_demo/winlen_256_stride_128/12_8/modelstats_O=2_H=16_k=5_gN=quantTanh_uN=quantTanh_ep=50_it=10_rnd=5_bs=128.csv
quantTanh	quantTanh	6	5	5	50	10	128	16	6	0.37081334018812595	4.664	0.9775665	0.9614989146578315	0.9994470046082949	0.8996394230769231	/scratch/dr2915/austere/buildsys_demo/winlen_256_stride_128/12_8/modelstats_O=2_H=16_k=6_gN=quantTanh_uN=quantTanh_ep=50_it=10_rnd=5_bs=128.csv
quantTanh	quantTanh	6	5	5	50	10	128	16	7	0.6915438516318215	4.664	0.9777465	0.8033816977036444	0.999815668202765	0.4831730769230769	/scratch/dr2915/austere/buildsys_demo/winlen_256_stride_128/12_8/modelstats_O=2_H=16_k=7_gN=quantTanh_uN=quantTanh_ep=50_it=10_rnd=5_bs=128.csv
quantTanh	quantSigm	6	5	5	50	10	64	16	5	0.4510084637648044	4.664	0.9787045	0.9739517879584143	0.9994470046082949	0.9323918269230769	/scratch/dr2915/austere/buildsys_demo/winlen_256_stride_128/12_8/modelstats_O=2_H=16_k=5_gN=quantTanh_uN=quantSigm_ep=50_it=10_rnd=5_bs=64.csv
quantTanh	quantSigm	6	5	5	50	10	64	16	6	0.7070932823032103	4.664	0.9780244	0.8063521078487376	1.0	0.49068509615384615	/scratch/dr2915/austere/buildsys_demo/winlen_256_stride_128/12_8/modelstats_O=2_H=16_k=6_gN=quantTanh_uN=quantSigm_ep=50_it=10_rnd=5_bs=64.csv
quantTanh	quantSigm	6	5	5	50	10	64	16	7	0.41595381583457103	4.664	0.97652555	0.9527019307665943	0.9994470046082949	0.8765024038461539	/scratch/dr2915/austere/buildsys_demo/winlen_256_stride_128/12_8/modelstats_O=2_H=16_k=7_gN=quantTanh_uN=quantSigm_ep=50_it=10_rnd=5_bs=64.csv
quantTanh	quantSigm	6	5	5	50	10	64	32	5	0.38072541795194026	8.696	0.98100406	0.9691534331086484	0.9994470046082949	0.9197716346153846	/scratch/dr2915/austere/buildsys_demo/winlen_256_stride_128/12_8/modelstats_O=2_H=32_k=5_gN=quantTanh_uN=quantSigm_ep=50_it=10_rnd=5_bs=64.csv
quantTanh	quantSigm	6	5	5	50	10	64	32	6	0.3857439354126204	8.696	0.98141325	0.9646978178910088	0.9994470046082949	0.9080528846153846	/scratch/dr2915/austere/buildsys_demo/winlen_256_stride_128/12_8/modelstats_O=2_H=32_k=6_gN=quantTanh_uN=quantSigm_ep=50_it=10_rnd=5_bs=64.csv
quantTanh	quantSigm	6	5	5	50	10	64	32	7	0.4039591187783236	8.696	0.9803471	0.9578430252484862	0.9996313364055299	0.8897235576923077	/scratch/dr2915/austere/buildsys_demo/winlen_256_stride_128/12_8/modelstats_O=2_H=32_k=7_gN=quantTanh_uN=quantSigm_ep=50_it=10_rnd=5_bs=64.csv
quantTanh	quantSigm	6	5	5	50	10	64	64	5	0.3756961898777562	16.76	0.98248124	0.9803495944247687	0.9990783410138249	0.9498197115384616	/scratch/dr2915/austere/buildsys_demo/winlen_256_stride_128/12_8/modelstats_O=2_H=64_k=5_gN=quantTanh_uN=quantSigm_ep=50_it=10_rnd=5_bs=64.csv
quantTanh	quantSigm	6	5	5	50	10	64	64	6	0.5677017879584143	16.76	0.98119384	0.9633268593625043	0.9996313364055299	0.9041466346153846	/scratch/dr2915/austere/buildsys_demo/winlen_256_stride_128/12_8/modelstats_O=2_H=64_k=6_gN=quantTanh_uN=quantSigm_ep=50_it=10_rnd=5_bs=64.csv
quantTanh	quantSigm	6	5	5	50	10	64	64	7	0.5518429395635782	16.76	0.98264796	0.9365931680566663	0.9996313364055299	0.8338341346153846	/scratch/dr2915/austere/buildsys_demo/winlen_256_stride_128/12_8/modelstats_O=2_H=64_k=7_gN=quantTanh_uN=quantSigm_ep=50_it=10_rnd=5_bs=64.csv
quantTanh	quantSigm	6	5	5	50	10	128	16	5	0.7801111047640809	4.664	0.977189	0.7849880041128756	0.999815668202765	0.4347956730769231	/scratch/dr2915/austere/buildsys_demo/winlen_256_stride_128/12_8/modelstats_O=2_H=16_k=5_gN=quantTanh_uN=quantSigm_ep=50_it=10_rnd=5_bs=128.csv
quantTanh	quantSigm	6	5	5	50	10	128	16	6	0.49465897406603454	4.664	0.9771136	0.8526219581857649	0.999815668202765	0.6126802884615384	/scratch/dr2915/austere/buildsys_demo/winlen_256_stride_128/12_8/modelstats_O=2_H=16_k=6_gN=quantTanh_uN=quantSigm_ep=50_it=10_rnd=5_bs=128.csv
quantTanh	quantSigm	6	5	5	50	10	128	16	7	0.26436412277695265	4.664	0.9775373	0.9603564492174111	0.999815668202765	0.8960336538461539	/scratch/dr2915/austere/buildsys_demo/winlen_256_stride_128/12_8/modelstats_O=2_H=16_k=7_gN=quantTanh_uN=quantSigm_ep=50_it=10_rnd=5_bs=128.csv
quantTanh	quantSigm	6	5	5	50	10	128	32	5	0.5582752580067787	16.76	0.9809286	0.9768079515594653	0.9994470046082949	0.9399038461538461	/scratch/dr2915/austere/buildsys_demo/winlen_256_stride_128/12_8/modelstats_O=2_H=32_k=5_gN=quantTanh_uN=quantSigm_ep=50_it=10_rnd=5_bs=128.csv
quantTanh	quantSigm	6	5	5	50	10	128	32	6	0.37685650634068324	8.696	0.9820247	0.970524391637153	0.9994470046082949	0.9233774038461539	/scratch/dr2915/austere/buildsys_demo/winlen_256_stride_128/12_8/modelstats_O=2_H=32_k=6_gN=quantTanh_uN=quantSigm_ep=50_it=10_rnd=5_bs=128.csv
quantTanh	quantSigm	6	5	5	50	10	128	32	7	0.42926353821546903	8.696	0.9819996	0.9575002856163601	0.9996313364055299	0.8888221153846154	/scratch/dr2915/austere/buildsys_demo/winlen_256_stride_128/12_8/modelstats_O=2_H=32_k=7_gN=quantTanh_uN=quantSigm_ep=50_it=10_rnd=5_bs=128.csv
quantTanh	quantSigm	6	5	5	50	10	128	64	5	0.46658288586770247	16.76	0.98364687	0.9752084999428767	0.9994470046082949	0.9356971153846154	/scratch/dr2915/austere/buildsys_demo/winlen_256_stride_128/12_8/modelstats_O=2_H=64_k=5_gN=quantTanh_uN=quantSigm_ep=50_it=10_rnd=5_bs=128.csv
quantTanh	quantSigm	6	5	5	50	10	128	64	6	0.49344867474008913	16.76	0.9825169	0.9617274077459157	0.9996313364055299	0.8999399038461539	/scratch/dr2915/austere/buildsys_demo/winlen_256_stride_128/12_8/modelstats_O=2_H=64_k=6_gN=quantTanh_uN=quantSigm_ep=50_it=10_rnd=5_bs=128.csv
quantTanh	quantSigm	6	5	5	50	10	128	64	7	0.4272201911725504	16.76	0.98206717	0.941048783274306	0.9996313364055299	0.8455528846153846	/scratch/dr2915/austere/buildsys_demo/winlen_256_stride_128/12_8/modelstats_O=2_H=64_k=7_gN=quantTanh_uN=quantSigm_ep=50_it=10_rnd=5_bs=128.csv
